[INFO] Scanning for projects...
[INFO] 
[INFO] ----------------------< aiss_L3:DailyMotionMiner >----------------------
[INFO] Building  0.0.1-SNAPSHOT
[INFO]   from pom.xml
[INFO] --------------------------------[ jar ]---------------------------------
[INFO] 
[INFO] >>> spring-boot:3.5.13:run (default-cli) > test-compile @ DailyMotionMiner >>>
[INFO] 
[INFO] --- resources:3.3.1:resources (default-resources) @ DailyMotionMiner ---
[INFO] Copying 1 resource from src\main\resources to target\classes
[INFO] Copying 0 resource from src\main\resources to target\classes
[INFO] 
[INFO] --- compiler:3.14.1:compile (default-compile) @ DailyMotionMiner ---
[INFO] Recompiling the module because of added or removed source files.
[INFO] Compiling 25 source files with javac [debug parameters release 21] to target\classes
[INFO] 
[INFO] --- resources:3.3.1:testResources (default-testResources) @ DailyMotionMiner ---
[INFO] skip non existing resourceDirectory G:\ProyectoIntegracion-AISS-2025_26\DailyMotionMiner\src\test\resources
[INFO] 
[INFO] --- compiler:3.14.1:testCompile (default-testCompile) @ DailyMotionMiner ---
[INFO] Recompiling the module because of changed dependency.
[INFO] Compiling 4 source files with javac [debug parameters release 21] to target\test-classes
[WARNING] /G:/ProyectoIntegracion-AISS-2025_26/DailyMotionMiner/src/test/java/aiss_L3/DailyMotionMiner/ChannelControllerWebTest.java:[24,6] org.springframework.boot.test.mock.mockito.MockBean in org.springframework.boot.test.mock.mockito has been deprecated and marked for removal
[INFO] 
[INFO] <<< spring-boot:3.5.13:run (default-cli) < test-compile @ DailyMotionMiner <<<
[INFO] 
[INFO] 
[INFO] --- spring-boot:3.5.13:run (default-cli) @ DailyMotionMiner ---
[INFO] Attaching agents: []

  .   ____          _            __ _ _
 /\\ / ___'_ __ _ _(_)_ __  __ _ \ \ \ \
( ( )\___ | '_ | '_| | '_ \/ _` | \ \ \ \
 \\/  ___)| |_)| | | | | || (_| |  ) ) ) )
  '  |____| .__|_| |_|_| |_\__, | / / / /
 =========|_|==============|___/=/_/_/_/

 :: Spring Boot ::               (v3.5.13)

2026-05-10T19:32:36.669+02:00  INFO 2880 --- [DailyMotionMiner] [           main] a.D.DailyMotionMinerApplication          : Starting DailyMotionMinerApplication using Java 21.0.11 with PID 2880 (G:\ProyectoIntegracion-AISS-2025_26\DailyMotionMiner\target\classes started by a in G:\ProyectoIntegracion-AISS-2025_26\DailyMotionMiner)
2026-05-10T19:32:36.671+02:00  INFO 2880 --- [DailyMotionMiner] [           main] a.D.DailyMotionMinerApplication          : No active profile set, falling back to 1 default profile: "default"
2026-05-10T19:32:37.319+02:00  INFO 2880 --- [DailyMotionMiner] [           main] o.s.b.w.embedded.tomcat.TomcatWebServer  : Tomcat initialized with port 8081 (http)
2026-05-10T19:32:37.328+02:00  INFO 2880 --- [DailyMotionMiner] [           main] o.apache.catalina.core.StandardService   : Starting service [Tomcat]
2026-05-10T19:32:37.328+02:00  INFO 2880 --- [DailyMotionMiner] [           main] o.apache.catalina.core.StandardEngine    : Starting Servlet engine: [Apache Tomcat/10.1.53]
2026-05-10T19:32:37.364+02:00  INFO 2880 --- [DailyMotionMiner] [           main] o.a.c.c.C.[Tomcat].[localhost].[/]       : Initializing Spring embedded WebApplicationContext
2026-05-10T19:32:37.364+02:00  INFO 2880 --- [DailyMotionMiner] [           main] w.s.c.ServletWebServerApplicationContext : Root WebApplicationContext: initialization completed in 667 ms
2026-05-10T19:32:37.647+02:00  INFO 2880 --- [DailyMotionMiner] [           main] o.s.b.w.embedded.tomcat.TomcatWebServer  : Tomcat started on port 8081 (http) with context path '/'
2026-05-10T19:32:37.651+02:00  INFO 2880 --- [DailyMotionMiner] [           main] a.D.DailyMotionMinerApplication          : Started DailyMotionMinerApplication in 1.229 seconds (process running for 1.43)
2026-05-10T19:32:37.653+02:00  WARN 2880 --- [DailyMotionMiner] [           main] o.s.core.events.SpringDocAppInitializer  : SpringDoc /v3/api-docs endpoint is enabled by default. To disable it in production, set the property 'springdoc.api-docs.enabled=false'
2026-05-10T19:32:37.654+02:00  WARN 2880 --- [DailyMotionMiner] [           main] o.s.core.events.SpringDocAppInitializer  : SpringDoc /swagger-ui.html endpoint is enabled by default. To disable it in production, set the property 'springdoc.swagger-ui.enabled=false'
2026-05-10T19:33:52.777+02:00  INFO 2880 --- [DailyMotionMiner] [nio-8081-exec-2] o.a.c.c.C.[Tomcat].[localhost].[/]       : Initializing Spring DispatcherServlet 'dispatcherServlet'
2026-05-10T19:33:52.778+02:00  INFO 2880 --- [DailyMotionMiner] [nio-8081-exec-2] o.s.web.servlet.DispatcherServlet        : Initializing Servlet 'dispatcherServlet'
2026-05-10T19:33:52.778+02:00  INFO 2880 --- [DailyMotionMiner] [nio-8081-exec-2] o.s.web.servlet.DispatcherServlet        : Completed initialization in 0 ms
