[INFO] Scanning for projects...
[INFO] 
[INFO] -----------------------< aiss_L3:PeerTubeMiner >------------------------
[INFO] Building  0.0.1-SNAPSHOT
[INFO]   from pom.xml
[INFO] --------------------------------[ jar ]---------------------------------
[INFO] 
[INFO] >>> spring-boot:3.5.13:run (default-cli) > test-compile @ PeerTubeMiner >>>
[INFO] 
[INFO] --- resources:3.3.1:resources (default-resources) @ PeerTubeMiner ---
[INFO] Copying 1 resource from src\main\resources to target\classes
[INFO] Copying 0 resource from src\main\resources to target\classes
[INFO] 
[INFO] --- compiler:3.14.1:compile (default-compile) @ PeerTubeMiner ---
[INFO] Nothing to compile - all classes are up to date.
[INFO] 
[INFO] --- resources:3.3.1:testResources (default-testResources) @ PeerTubeMiner ---
[INFO] skip non existing resourceDirectory C:\UNI\AISS\proyectoIntegr\PeerTubeMiner\src\test\resources
[INFO] 
[INFO] --- compiler:3.14.1:testCompile (default-testCompile) @ PeerTubeMiner ---
[INFO] Nothing to compile - all classes are up to date.
[INFO] 
[INFO] <<< spring-boot:3.5.13:run (default-cli) < test-compile @ PeerTubeMiner <<<
[INFO] 
[INFO] 
[INFO] --- spring-boot:3.5.13:run (default-cli) @ PeerTubeMiner ---
[INFO] Attaching agents: []

  .   ____          _            __ _ _
 /\\ / ___'_ __ _ _(_)_ __  __ _ \ \ \ \
( ( )\___ | '_ | '_| | '_ \/ _` | \ \ \ \
 \\/  ___)| |_)| | | | | || (_| |  ) ) ) )
  '  |____| .__|_| |_|_| |_\__, | / / / /
 =========|_|==============|___/=/_/_/_/

 :: Spring Boot ::               (v3.5.13)

2026-05-06T20:31:06.463+02:00  INFO 25660 --- [PeerTubeMiner] [           main] a.P.PeerTubeMinerApplication             : Starting PeerTubeMinerApplication using Java 21.0.11 with PID 25660 (C:\UNI\AISS\proyectoIntegr\PeerTubeMiner\target\classes started by termi in C:\UNI\AISS\proyectoIntegr\PeerTubeMiner)
2026-05-06T20:31:06.470+02:00  INFO 25660 --- [PeerTubeMiner] [           main] a.P.PeerTubeMinerApplication             : No active profile set, falling back to 1 default profile: "default"
2026-05-06T20:31:22.860+02:00  INFO 25660 --- [PeerTubeMiner] [           main] o.s.b.w.embedded.tomcat.TomcatWebServer  : Tomcat initialized with port 8082 (http)
2026-05-06T20:31:23.009+02:00  INFO 25660 --- [PeerTubeMiner] [           main] o.apache.catalina.core.StandardService   : Starting service [Tomcat]
2026-05-06T20:31:23.015+02:00  INFO 25660 --- [PeerTubeMiner] [           main] o.apache.catalina.core.StandardEngine    : Starting Servlet engine: [Apache Tomcat/10.1.53]
2026-05-06T20:31:23.445+02:00  INFO 25660 --- [PeerTubeMiner] [           main] o.a.c.c.C.[Tomcat].[localhost].[/]       : Initializing Spring embedded WebApplicationContext
2026-05-06T20:31:23.449+02:00  INFO 25660 --- [PeerTubeMiner] [           main] w.s.c.ServletWebServerApplicationContext : Root WebApplicationContext: initialization completed in 16868 ms
2026-05-06T20:31:27.934+02:00  WARN 25660 --- [PeerTubeMiner] [           main] ConfigServletWebServerApplicationContext : Exception encountered during context initialization - cancelling refresh attempt: org.springframework.context.ApplicationContextException: Failed to start bean 'webServerStartStop'
2026-05-06T20:31:27.967+02:00  INFO 25660 --- [PeerTubeMiner] [           main] .s.b.a.l.ConditionEvaluationReportLogger : 

Error starting ApplicationContext. To display the condition evaluation report re-run your application with 'debug' enabled.
2026-05-06T20:31:27.995+02:00 ERROR 25660 --- [PeerTubeMiner] [           main] o.s.b.d.LoggingFailureAnalysisReporter   : 

***************************
APPLICATION FAILED TO START
***************************

Description:

Web server failed to start. Port 8082 was already in use.

Action:

Identify and stop the process that's listening on port 8082 or configure this application to listen on another port.

[INFO] ------------------------------------------------------------------------
[INFO] BUILD FAILURE
[INFO] ------------------------------------------------------------------------
[INFO] Total time:  01:05 min
[INFO] Finished at: 2026-05-06T20:31:28+02:00
[INFO] ------------------------------------------------------------------------
[ERROR] Failed to execute goal org.springframework.boot:spring-boot-maven-plugin:3.5.13:run (default-cli) on project PeerTubeMiner: Process terminated with exit code: 1 -> [Help 1]
[ERROR] 
[ERROR] To see the full stack trace of the errors, re-run Maven with the -e switch.
[ERROR] Re-run Maven using the -X switch to enable full debug logging.
[ERROR] 
[ERROR] For more information about the errors and possible solutions, please read the following articles:
[ERROR] [Help 1] htt[INFO] ------------------------------------------------------------------------
[INFO] BUILD FAILURE
[INFO] ------------------------------------------------------------------------
[INFO] Total time:  28:22 min
[INFO] Finished at: 2026-05-06T20:38:06+02:00
[INFO] ------------------------------------------------------------------------
[ERROR] Failed to execute goal org.springframework.boot:spring-boot-maven-plugin:3.5.13:run (default-cli) on project PeerTubeMiner: Process terminated with exit code: 1 -> [Help 1]
[ERROR] 
[ERROR] To see the full stack trace of the errors, re-run Maven with the -e switch.
[ERROR] Re-run Maven using the -X switch to enable full debug logging.
[ERROR] 
[ERROR] For more information about the errors and possible solutions, please read the following articles:
[ERROR] [Help 1] http://cwiki.apache.org/confluence/display/MAVEN/MojoExecutionException
