[INFO] Scanning for projects...
[INFO] 
[INFO] -------------------------< aiss_L3:VideoMiner >-------------------------
[INFO] Building  0.0.1-SNAPSHOT
[INFO]   from pom.xml
[INFO] --------------------------------[ jar ]---------------------------------
[INFO] 
[INFO] >>> spring-boot:3.5.13:run (default-cli) > test-compile @ VideoMiner >>>
[INFO] 
[INFO] --- resources:3.3.1:resources (default-resources) @ VideoMiner ---
[INFO] Copying 1 resource from src\main\resources to target\classes
[INFO] Copying 0 resource from src\main\resources to target\classes
[INFO] 
[INFO] --- compiler:3.14.1:compile (default-compile) @ VideoMiner ---
[INFO] Nothing to compile - all classes are up to date.
[INFO] 
[INFO] --- resources:3.3.1:testResources (default-testResources) @ VideoMiner ---
[INFO] skip non existing resourceDirectory C:\Users\Arve\Documents\Apuntes Uni\AISS-2º\Integración\Proyecto\ProyectoIntegracion-AISS-2025_26\VideoMiner\src\test\resources
[INFO] 
[INFO] --- compiler:3.14.1:testCompile (default-testCompile) @ VideoMiner ---
[INFO] Nothing to compile - all classes are up to date.
[INFO] 
[INFO] <<< spring-boot:3.5.13:run (default-cli) < test-compile @ VideoMiner <<<
[INFO] 
[INFO] 
[INFO] --- spring-boot:3.5.13:run (default-cli) @ VideoMiner ---
[INFO] Attaching agents: []

  .   ____          _            __ _ _
 /\\ / ___'_ __ _ _(_)_ __  __ _ \ \ \ \
( ( )\___ | '_ | '_| | '_ \/ _` | \ \ \ \
 \\/  ___)| |_)| | | | | || (_| |  ) ) ) )
  '  |____| .__|_| |_|_| |_\__, | / / / /
 =========|_|==============|___/=/_/_/_/

 :: Spring Boot ::               (v3.5.13)

2026-05-06T18:03:13.030+02:00  INFO 2064 --- [VideoMiner] [           main] a.VideoMiner.VideoMinerApplication       : Starting VideoMinerApplication using Java 21.0.6 with PID 2064 (C:\Users\Arve\Documents\Apuntes Uni\AISS-2º\Integración\Proyecto\ProyectoIntegracion-AISS-2025_26\VideoMiner\target\classes started by Arve in C:\Users\Arve\Documents\Apuntes Uni\AISS-2º\Integración\Proyecto\ProyectoIntegracion-AISS-2025_26\VideoMiner)
2026-05-06T18:03:13.035+02:00  INFO 2064 --- [VideoMiner] [           main] a.VideoMiner.VideoMinerApplication       : No active profile set, falling back to 1 default profile: "default"
2026-05-06T18:03:13.718+02:00  INFO 2064 --- [VideoMiner] [           main] .s.d.r.c.RepositoryConfigurationDelegate : Bootstrapping Spring Data JPA repositories in DEFAULT mode.
2026-05-06T18:03:13.767+02:00  INFO 2064 --- [VideoMiner] [           main] .s.d.r.c.RepositoryConfigurationDelegate : Finished Spring Data repository scanning in 48 ms. Found 4 JPA repository interfaces.
2026-05-06T18:03:14.207+02:00  INFO 2064 --- [VideoMiner] [           main] o.s.b.w.embedded.tomcat.TomcatWebServer  : Tomcat initialized with port 8080 (http)
2026-05-06T18:03:14.225+02:00  INFO 2064 --- [VideoMiner] [           main] o.apache.catalina.core.StandardService   : Starting service [Tomcat]
2026-05-06T18:03:14.225+02:00  INFO 2064 --- [VideoMiner] [           main] o.apache.catalina.core.StandardEngine    : Starting Servlet engine: [Apache Tomcat/10.1.53]
2026-05-06T18:03:14.272+02:00  INFO 2064 --- [VideoMiner] [           main] o.a.c.c.C.[.[localhost].[/videominer]    : Initializing Spring embedded WebApplicationContext
2026-05-06T18:03:14.272+02:00  INFO 2064 --- [VideoMiner] [           main] w.s.c.ServletWebServerApplicationContext : Root WebApplicationContext: initialization completed in 1184 ms
2026-05-06T18:03:14.412+02:00  INFO 2064 --- [VideoMiner] [           main] o.hibernate.jpa.internal.util.LogHelper  : HHH000204: Processing PersistenceUnitInfo [name: default]
2026-05-06T18:03:14.458+02:00  INFO 2064 --- [VideoMiner] [           main] org.hibernate.Version                    : HHH000412: Hibernate ORM core version 6.6.45.Final
2026-05-06T18:03:14.488+02:00  INFO 2064 --- [VideoMiner] [           main] o.h.c.internal.RegionFactoryInitiator    : HHH000026: Second-level cache disabled
2026-05-06T18:03:14.720+02:00  INFO 2064 --- [VideoMiner] [           main] o.s.o.j.p.SpringPersistenceUnitInfo      : No LoadTimeWeaver setup: ignoring JPA class transformer
2026-05-06T18:03:14.747+02:00  INFO 2064 --- [VideoMiner] [           main] com.zaxxer.hikari.HikariDataSource       : HikariPool-1 - Starting...
2026-05-06T18:03:14.915+02:00  INFO 2064 --- [VideoMiner] [           main] com.zaxxer.hikari.pool.HikariPool        : HikariPool-1 - Added connection conn0: url=jdbc:h2:mem:videominer user=SA
2026-05-06T18:03:14.915+02:00  INFO 2064 --- [VideoMiner] [           main] com.zaxxer.hikari.HikariDataSource       : HikariPool-1 - Start completed.
2026-05-06T18:03:14.937+02:00  WARN 2064 --- [VideoMiner] [           main] org.hibernate.orm.deprecation            : HHH90000025: H2Dialect does not need to be specified explicitly using 'hibernate.dialect' (remove the property setting and it will be selected by default)
2026-05-06T18:03:14.957+02:00  INFO 2064 --- [VideoMiner] [           main] org.hibernate.orm.connections.pooling    : HHH10001005: Database info:
	Database JDBC URL [Connecting through datasource 'HikariDataSource (HikariPool-1)']
	Database driver: undefined/unknown
	Database version: 2.3.232
	Autocommit mode: undefined/unknown
	Isolation level: undefined/unknown
	Minimum pool size: undefined/unknown
	Maximum pool size: undefined/unknown
2026-05-06T18:03:15.857+02:00  INFO 2064 --- [VideoMiner] [           main] o.h.e.t.j.p.i.JtaPlatformInitiator       : HHH000489: No JTA platform available (set 'hibernate.transaction.jta.platform' to enable JTA platform integration)
2026-05-06T18:03:15.907+02:00  INFO 2064 --- [VideoMiner] [           main] j.LocalContainerEntityManagerFactoryBean : Initialized JPA EntityManagerFactory for persistence unit 'default'
2026-05-06T18:03:16.122+02:00  WARN 2064 --- [VideoMiner] [           main] JpaBaseConfiguration$JpaWebConfiguration : spring.jpa.open-in-view is enabled by default. Therefore, database queries may be performed during view rendering. Explicitly configure spring.jpa.open-in-view to disable this warning
2026-05-06T18:03:16.355+02:00  INFO 2064 --- [VideoMiner] [           main] o.s.b.a.h2.H2ConsoleAutoConfiguration    : H2 console available at '/h2-console'. Database available at 'jdbc:h2:mem:videominer'
2026-05-06T18:03:16.435+02:00  INFO 2064 --- [VideoMiner] [           main] o.s.b.w.embedded.tomcat.TomcatWebServer  : Tomcat started on port 8080 (http) with context path '/videominer'
2026-05-06T18:03:16.435+02:00  INFO 2064 --- [VideoMiner] [           main] a.VideoMiner.VideoMinerApplication       : Started VideoMinerApplication in 3.814 seconds (process running for 4.134)
